<?xml version="1.0" encoding="UTF-8"?>
<testng-results skipped="0" failed="0" ignored="0" total="1" passed="1">
  <reporter-output>
  </reporter-output>
  <suite name="Default suite" duration-ms="24850" started-at="2019-04-24T14:47:45Z" finished-at="2019-04-24T14:48:10Z">
    <groups>
    </groups>
    <test name="Default test" duration-ms="24850" started-at="2019-04-24T14:47:45Z" finished-at="2019-04-24T14:48:10Z">
      <class name="Tests.LoginTestsPFM">
        <test-method status="PASS" signature="setup()[pri:0, instance:Tests.LoginTestsPFM@4eb7f003]" name="setup" is-config="true" duration-ms="16159" started-at="2019-04-24T14:47:45Z" finished-at="2019-04-24T14:48:01Z">
          <reporter-output>
          </reporter-output>
        </test-method> <!-- setup -->
        <test-method status="PASS" signature="Login()[pri:0, instance:Tests.LoginTestsPFM@4eb7f003]" name="Login" duration-ms="7787" started-at="2019-04-24T14:48:01Z" finished-at="2019-04-24T14:48:09Z">
          <reporter-output>
          </reporter-output>
        </test-method> <!-- Login -->
        <test-method status="PASS" signature="teardown()[pri:0, instance:Tests.LoginTestsPFM@4eb7f003]" name="teardown" is-config="true" duration-ms="861" started-at="2019-04-24T14:48:09Z" finished-at="2019-04-24T14:48:10Z">
          <reporter-output>
          </reporter-output>
        </test-method> <!-- teardown -->
      </class> <!-- Tests.LoginTestsPFM -->
    </test> <!-- Default test -->
  </suite> <!-- Default suite -->
</testng-results>
